DEBUG:root:Order:2 3 10.0
DEBUG:root:Finish turn

DEBUG:root:Order:2 4 10.0
DEBUG:root:Finish turn

DEBUG:root:Order:2 19 15.0
DEBUG:root:Finish turn

DEBUG:root:Order:2 20 15.0
DEBUG:root:Order:2 4 32
DEBUG:root:Finish turn

DEBUG:root:Order:2 15 20.0
DEBUG:root:Bad order:4 3.0 8
DEBUG:root:Finish turn

DEBUG:root:Order:2 16 20.0
DEBUG:root:Order:4 0 26.0
DEBUG:root:Order:4 2 4
DEBUG:root:Finish turn

DEBUG:root:Order:2 4 1
DEBUG:root:Finish turn

DEBUG:root:Order:2 19 6
DEBUG:root:Order:4 19 2
DEBUG:root:Finish turn

DEBUG:root:Order:2 19 2
DEBUG:root:Order:2 4 2
DEBUG:root:Finish turn

DEBUG:root:Order:2 19 1
DEBUG:root:Order:4 19 1
DEBUG:root:Finish turn

DEBUG:root:Order:2 19 10
DEBUG:root:Order:4 19 7
DEBUG:root:Finish turn

DEBUG:root:Order:2 15 5
DEBUG:root:Order:4 15 2
DEBUG:root:Finish turn

DEBUG:root:Order:2 19 2
DEBUG:root:Order:2 15 1
DEBUG:root:Finish turn

DEBUG:root:Order:2 19 1
DEBUG:root:Order:2 4 2
DEBUG:root:Finish turn

DEBUG:root:Order:2 19 1
DEBUG:root:Finish turn

DEBUG:root:Order:2 19 2
DEBUG:root:Finish turn

DEBUG:root:Order:2 19 3
DEBUG:root:Order:2 4 1
DEBUG:root:Finish turn

DEBUG:root:Order:19 9 40.0
DEBUG:root:Order:2 19 11
DEBUG:root:Order:15 19 11
DEBUG:root:Order:4 19 9
DEBUG:root:Finish turn

DEBUG:root:Order:2 0 6
DEBUG:root:Order:15 0 4
DEBUG:root:Order:4 0 3
DEBUG:root:Order:19 0 1
DEBUG:root:Finish turn

DEBUG:root:Order:2 0 5
DEBUG:root:Order:15 0 3
DEBUG:root:Order:4 0 2
DEBUG:root:Order:19 0 1
DEBUG:root:Finish turn

DEBUG:root:Order:2 0 5
DEBUG:root:Order:15 0 3
DEBUG:root:Order:4 0 2
DEBUG:root:Order:19 0 1
DEBUG:root:Finish turn

DEBUG:root:Order:2 0 5
DEBUG:root:Order:15 0 3
DEBUG:root:Order:4 0 2
DEBUG:root:Order:19 0 1
DEBUG:root:Finish turn

DEBUG:root:Order:19 10 40.0
DEBUG:root:Order:2 19 14
DEBUG:root:Order:15 19 12
DEBUG:root:Order:4 19 3
DEBUG:root:Order:4 0 10
DEBUG:root:Finish turn

DEBUG:root:Order:2 0 6
DEBUG:root:Order:15 0 4
DEBUG:root:Order:4 0 1
DEBUG:root:Order:19 0 1
DEBUG:root:Finish turn

DEBUG:root:Order:2 19 8
DEBUG:root:Order:15 19 6
DEBUG:root:Order:4 19 5
DEBUG:root:Finish turn

DEBUG:root:Order:2 19 7
DEBUG:root:Order:15 19 5
DEBUG:root:Order:4 19 4
DEBUG:root:Order:0 19 3
DEBUG:root:Finish turn

DEBUG:root:Bad order:2 5.0 7
DEBUG:root:Bad order:15 3.0 5
DEBUG:root:Bad order:4 2.0 4
DEBUG:root:Order:0 19 3
DEBUG:root:Finish turn

DEBUG:root:Order:2 19 10
DEBUG:root:Order:15 19 6
DEBUG:root:Order:4 19 4
DEBUG:root:Bad order:4 0.0 4
DEBUG:root:Finish turn

DEBUG:root:Order:2 0 5
DEBUG:root:Order:15 0 3
DEBUG:root:Order:4 0 2
DEBUG:root:Order:9 0 1
DEBUG:root:Finish turn

DEBUG:root:Order:19 5 46.0
DEBUG:root:Bad order:2 5.0 11
DEBUG:root:Bad order:15 3.0 9
DEBUG:root:Bad order:4 2.0 8
DEBUG:root:Bad order:9 2.0 8
DEBUG:root:Bad order:0 0.0 2
DEBUG:root:Finish turn

DEBUG:root:Bad order:2 10.0 14
DEBUG:root:Bad order:15 6.0 10
DEBUG:root:Bad order:4 4.0 8
DEBUG:root:Bad order:9 4.0 8
DEBUG:root:Finish turn

DEBUG:root:Bad order:2 15.0 16
DEBUG:root:Bad order:15 9.0 10
DEBUG:root:Bad order:4 6.0 7
DEBUG:root:Bad order:9 6.0 7
DEBUG:root:Finish turn

DEBUG:root:Order:2 19 18
DEBUG:root:Order:15 19 10
DEBUG:root:Order:4 19 6
DEBUG:root:Order:9 19 6
DEBUG:root:Finish turn

DEBUG:root:Order:2 19 3
DEBUG:root:Order:15 19 1
DEBUG:root:Finish turn

DEBUG:root:Order:2 19 2
DEBUG:root:Order:2 4 2
DEBUG:root:Finish turn

DEBUG:root:Order:2 19 1
DEBUG:root:Order:4 19 1
DEBUG:root:Order:4 9 1
DEBUG:root:Finish turn

DEBUG:root:Order:2 4 1
DEBUG:root:Order:2 19 1
DEBUG:root:Order:2 9 2
DEBUG:root:Order:15 9 1
DEBUG:root:Finish turn

DEBUG:root:Order:19 6 46.0
DEBUG:root:Order:9 19 11
DEBUG:root:Order:2 19 10
DEBUG:root:Order:15 19 10
DEBUG:root:Order:4 19 7
DEBUG:root:Order:4 5 3
DEBUG:root:Finish turn

DEBUG:root:Order:2 4 2
DEBUG:root:Order:2 19 2
DEBUG:root:Order:2 9 2
DEBUG:root:Order:5 9 1
DEBUG:root:Finish turn

DEBUG:root:Order:5 9 9
DEBUG:root:Order:15 9 7
DEBUG:root:Order:2 9 5
DEBUG:root:Order:4 9 5
DEBUG:root:Order:19 9 4
DEBUG:root:Finish turn

DEBUG:root:Order:2 9 1
DEBUG:root:Order:2 19 1
DEBUG:root:Order:2 4 2
DEBUG:root:Order:5 4 2
DEBUG:root:Finish turn

DEBUG:root:Order:4 10 7
DEBUG:root:Order:5 10 7
DEBUG:root:Order:2 10 5
DEBUG:root:Order:15 10 5
DEBUG:root:Order:9 10 3
DEBUG:root:Order:19 10 2
DEBUG:root:Finish turn

DEBUG:root:Order:19 11 54.0
DEBUG:root:Order:2 19 10
DEBUG:root:Order:5 19 10
DEBUG:root:Order:15 19 8
DEBUG:root:Bad order:4 5.0 7
DEBUG:root:Order:9 19 7
DEBUG:root:Order:10 19 6
DEBUG:root:Finish turn

DEBUG:root:Order:4 19 6
DEBUG:root:Order:2 19 2
DEBUG:root:Order:5 19 1
DEBUG:root:Order:5 9 1
DEBUG:root:Finish turn

DEBUG:root:Bad order:2 8.0 10
DEBUG:root:Bad order:5 8.0 10
DEBUG:root:Bad order:15 6.0 8
DEBUG:root:Bad order:4 5.0 7
DEBUG:root:Bad order:11 1.0 3
DEBUG:root:Finish turn

DEBUG:root:Order:2 9 11
DEBUG:root:Order:5 9 11
DEBUG:root:Order:15 9 7
DEBUG:root:Order:4 9 5
DEBUG:root:Order:11 9 3
DEBUG:root:Finish turn

DEBUG:root:Order:2 9 2
DEBUG:root:Order:5 9 2
DEBUG:root:Order:5 4 1
DEBUG:root:Finish turn

DEBUG:root:Bad order:2 10.0 11
DEBUG:root:Bad order:11 10.0 11
DEBUG:root:Bad order:5 9.0 10
DEBUG:root:Bad order:15 8.0 9
DEBUG:root:Order:9 4 8
DEBUG:root:Finish turn

DEBUG:root:Order:2 4 12
DEBUG:root:Order:5 4 11
DEBUG:root:Order:11 4 11
DEBUG:root:Order:15 4 8
DEBUG:root:Finish turn

DEBUG:root:Order:2 4 2
DEBUG:root:Order:2 9 2
DEBUG:root:Finish turn

DEBUG:root:Order:5 4 2
DEBUG:root:Order:5 9 2
DEBUG:root:Order:5 2 3
DEBUG:root:Order:11 2 1
DEBUG:root:Finish turn

DEBUG:root:Order:2 4 1
DEBUG:root:Order:2 5 1
DEBUG:root:Order:2 9 1
DEBUG:root:Order:2 15 5
DEBUG:root:Order:11 15 1
DEBUG:root:Finish turn

DEBUG:root:Order:15 4 2
DEBUG:root:Order:15 9 2
DEBUG:root:Order:15 2 1
DEBUG:root:Finish turn

DEBUG:root:Order:5 4 1
DEBUG:root:Order:5 9 1
DEBUG:root:Order:5 15 2
DEBUG:root:Order:2 15 1
DEBUG:root:Order:11 15 1
DEBUG:root:Finish turn

DEBUG:root:Order:9 13 62.0
DEBUG:root:Order:15 9 13
DEBUG:root:Order:2 9 12
DEBUG:root:Order:11 9 11
DEBUG:root:Order:5 9 10
DEBUG:root:Order:4 9 8
DEBUG:root:Finish turn

DEBUG:root:Order:2 4 1
DEBUG:root:Order:2 9 1
DEBUG:root:Order:2 15 1
DEBUG:root:Order:5 15 1
DEBUG:root:Finish turn

DEBUG:root:Order:4 14 62.0
DEBUG:root:Order:5 4 14
DEBUG:root:Order:11 4 13
DEBUG:root:Bad order:15 10.0 13
DEBUG:root:Order:2 4 12
DEBUG:root:Finish turn

DEBUG:root:Order:15 4 12
DEBUG:root:Order:2 4 1
DEBUG:root:Order:5 4 1
DEBUG:root:Finish turn

DEBUG:root:Order:2 4 1
DEBUG:root:Order:5 4 1
DEBUG:root:Order:5 15 1
DEBUG:root:Finish turn

DEBUG:root:Order:2 4 1
DEBUG:root:Finish turn

DEBUG:root:Order:2 4 1
DEBUG:root:Order:5 4 1
DEBUG:root:Finish turn

DEBUG:root:Order:4 7 64.0
DEBUG:root:Order:2 4 14
DEBUG:root:Order:5 4 14
DEBUG:root:Order:11 4 13
DEBUG:root:Order:15 4 10
DEBUG:root:Finish turn

DEBUG:root:Order:2 9 12
DEBUG:root:Order:5 9 12
DEBUG:root:Order:11 9 11
DEBUG:root:Order:15 9 10
DEBUG:root:Order:4 9 5
DEBUG:root:Finish turn

DEBUG:root:Order:2 9 10
DEBUG:root:Order:5 9 10
DEBUG:root:Order:11 9 9
DEBUG:root:Bad order:15 7.0 8
DEBUG:root:Order:4 9 7
DEBUG:root:Finish turn

DEBUG:root:Bad order:2 8.0 14
DEBUG:root:Bad order:5 8.0 14
DEBUG:root:Bad order:11 7.0 13
DEBUG:root:Order:4 15 11
DEBUG:root:Finish turn

DEBUG:root:Bad order:2 13.0 15
DEBUG:root:Bad order:5 13.0 15
DEBUG:root:Bad order:11 11.0 13
DEBUG:root:Finish turn

DEBUG:root:Order:2 15 16
DEBUG:root:Order:5 15 16
DEBUG:root:Order:11 15 11
DEBUG:root:Order:11 4 3
DEBUG:root:Bad order:11 1.0 13
DEBUG:root:Finish turn

DEBUG:root:Order:2 4 1
DEBUG:root:Order:5 4 1
DEBUG:root:Order:5 15 1
DEBUG:root:Order:5 11 1
DEBUG:root:Finish turn

DEBUG:root:Order:2 4 2
DEBUG:root:Order:2 15 1
DEBUG:root:Finish turn

DEBUG:root:Order:5 4 1
DEBUG:root:Order:5 15 1
DEBUG:root:Order:11 15 1
DEBUG:root:Finish turn

DEBUG:root:Order:4 8 64.0
DEBUG:root:Order:2 4 12
DEBUG:root:Order:5 4 11
DEBUG:root:Order:11 4 11
DEBUG:root:Order:14 4 11
DEBUG:root:Order:15 4 11
DEBUG:root:Finish turn

DEBUG:root:Order:2 9 9
DEBUG:root:Order:5 9 9
DEBUG:root:Order:11 9 8
DEBUG:root:Order:14 9 8
DEBUG:root:Order:15 9 7
DEBUG:root:Order:4 9 6
DEBUG:root:Finish turn

DEBUG:root:Bad order:2 7.0 10
DEBUG:root:Bad order:5 7.0 10
DEBUG:root:Bad order:11 5.0 9
DEBUG:root:Bad order:14 6.0 9
DEBUG:root:Order:15 4 8
DEBUG:root:Order:9 4 5
DEBUG:root:Finish turn

DEBUG:root:Order:2 9 4
DEBUG:root:Order:5 9 4
DEBUG:root:Order:5 15 4
DEBUG:root:Order:11 15 2
DEBUG:root:Order:14 15 1
DEBUG:root:Finish turn

DEBUG:root:Order:2 5 2
DEBUG:root:Order:2 9 2
DEBUG:root:Order:2 15 1
DEBUG:root:Finish turn

DEBUG:root:Order:14 2 1
DEBUG:root:Order:14 9 1
DEBUG:root:Order:14 15 2
DEBUG:root:Order:5 15 1
DEBUG:root:Order:11 15 1
DEBUG:root:Finish turn

DEBUG:root:Order:15 9 2
DEBUG:root:Order:15 14 1
DEBUG:root:Finish turn

DEBUG:root:Order:15 17 69.0
DEBUG:root:Order:9 18 69.0
DEBUG:root:Bad order:5 23.0 25
DEBUG:root:Bad order:2 23.0 24
DEBUG:root:Order:11 9 23
DEBUG:root:Bad order:14 21.0 22
DEBUG:root:Finish turn

DEBUG:root:Order:5 15 26
DEBUG:root:Order:2 15 22
DEBUG:root:Bad order:2 6.0 25
DEBUG:root:Order:14 9 22
DEBUG:root:Finish turn

DEBUG:root:Order:2 9 4
DEBUG:root:Order:5 9 1
DEBUG:root:Finish turn

DEBUG:root:Order:2 9 2
DEBUG:root:Order:5 9 2
DEBUG:root:Order:5 15 2
DEBUG:root:Finish turn

DEBUG:root:Order:2 4 13
DEBUG:root:Order:11 4 13
DEBUG:root:Order:14 4 13
DEBUG:root:Order:5 4 11
DEBUG:root:Order:15 4 11
DEBUG:root:Order:9 4 6
DEBUG:root:Order:9 7 1
DEBUG:root:Order:9 8 1
DEBUG:root:Finish turn

DEBUG:root:Order:2 7 4
DEBUG:root:Order:5 7 4
DEBUG:root:Order:9 7 3
DEBUG:root:Order:11 7 3
DEBUG:root:Order:14 7 3
DEBUG:root:Order:15 7 1
DEBUG:root:Order:15 8 2
DEBUG:root:Finish turn

DEBUG:root:Order:2 7 2
DEBUG:root:Order:5 7 2
DEBUG:root:Order:11 7 1
DEBUG:root:Order:14 7 1
DEBUG:root:Finish turn

DEBUG:root:Order:2 7 4
DEBUG:root:Order:5 7 4
DEBUG:root:Order:11 7 3
DEBUG:root:Order:14 7 3
DEBUG:root:Order:15 7 1
DEBUG:root:Finish turn

DEBUG:root:Order:2 7 4
DEBUG:root:Order:5 7 4
DEBUG:root:Order:11 7 3
DEBUG:root:Order:14 7 3
DEBUG:root:Order:14 8 1
DEBUG:root:Finish turn

DEBUG:root:Order:2 7 5
DEBUG:root:Order:5 7 5
DEBUG:root:Order:11 7 4
DEBUG:root:Order:4 7 3
DEBUG:root:Order:14 7 3
DEBUG:root:Order:8 7 1
DEBUG:root:Finish turn

DEBUG:root:Order:2 7 5
DEBUG:root:Order:5 7 5
DEBUG:root:Order:11 7 3
DEBUG:root:Order:11 17 4
DEBUG:root:Order:14 17 3
DEBUG:root:Finish turn

DEBUG:root:Order:2 9 3
DEBUG:root:Order:5 9 3
DEBUG:root:Order:14 9 3
DEBUG:root:Order:4 9 2
DEBUG:root:Order:17 9 2
DEBUG:root:Finish turn

DEBUG:root:Order:2 9 7
DEBUG:root:Order:5 9 7
DEBUG:root:Order:17 9 7
DEBUG:root:Order:14 9 6
DEBUG:root:Order:11 9 5
DEBUG:root:Order:4 9 4
DEBUG:root:Order:8 9 3
DEBUG:root:Finish turn

DEBUG:root:Order:2 9 6
DEBUG:root:Order:5 9 6
DEBUG:root:Order:17 9 6
DEBUG:root:Order:11 9 5
DEBUG:root:Order:14 9 5
DEBUG:root:Order:4 9 3
DEBUG:root:Order:8 9 2
DEBUG:root:Finish turn

DEBUG:root:Order:4 22 76.0
DEBUG:root:Order:2 4 11
DEBUG:root:Order:5 4 11
DEBUG:root:Bad order:17 6.0 11
DEBUG:root:Order:11 4 10
DEBUG:root:Order:14 4 10
DEBUG:root:Order:8 4 7
DEBUG:root:Order:18 4 2
DEBUG:root:Order:9 4 1
DEBUG:root:Finish turn

DEBUG:root:Bad order:17 11.0 12
DEBUG:root:Order:2 4 1
DEBUG:root:Order:5 4 1
DEBUG:root:Order:18 4 1
DEBUG:root:Finish turn

DEBUG:root:Order:17 8 16
DEBUG:root:Order:2 8 4
DEBUG:root:Order:5 8 4
DEBUG:root:Order:5 4 4
DEBUG:root:Order:18 4 4
DEBUG:root:Order:11 4 3
DEBUG:root:Order:14 4 2
DEBUG:root:Order:14 9 3
DEBUG:root:Finish turn

DEBUG:root:Order:2 8 4
DEBUG:root:Order:17 8 4
DEBUG:root:Order:18 8 4
DEBUG:root:Order:9 8 3
DEBUG:root:Order:11 8 3
DEBUG:root:Order:14 8 1
DEBUG:root:Finish turn

DEBUG:root:Order:2 8 4
DEBUG:root:Order:5 8 4
DEBUG:root:Order:17 8 4
DEBUG:root:Order:18 8 4
DEBUG:root:Order:11 8 3
DEBUG:root:Order:14 8 3
DEBUG:root:Order:4 8 1
DEBUG:root:Order:9 8 1
DEBUG:root:Finish turn

DEBUG:root:Order:2 8 4
DEBUG:root:Order:5 8 4
DEBUG:root:Order:17 8 4
DEBUG:root:Order:18 8 4
DEBUG:root:Order:11 8 3
DEBUG:root:Order:14 8 3
DEBUG:root:Order:4 8 1
DEBUG:root:Order:9 8 1
DEBUG:root:Finish turn

DEBUG:root:Order:2 8 4
DEBUG:root:Order:5 8 4
DEBUG:root:Order:17 8 4
DEBUG:root:Order:18 8 4
DEBUG:root:Order:11 8 3
DEBUG:root:Order:14 8 3
DEBUG:root:Order:4 8 1
DEBUG:root:Order:9 8 1
DEBUG:root:Finish turn

DEBUG:root:Order:2 8 3
DEBUG:root:Order:5 8 3
DEBUG:root:Order:17 8 3
DEBUG:root:Order:18 8 3
DEBUG:root:Order:11 8 2
DEBUG:root:Order:14 8 2
DEBUG:root:Finish turn

DEBUG:root:Order:2 8 4
DEBUG:root:Order:5 8 4
DEBUG:root:Order:17 8 4
DEBUG:root:Order:18 8 4
DEBUG:root:Order:11 8 3
DEBUG:root:Order:14 8 3
DEBUG:root:Order:9 8 1
DEBUG:root:Finish turn

DEBUG:root:Order:2 8 5
DEBUG:root:Order:5 8 5
DEBUG:root:Order:17 8 5
DEBUG:root:Order:18 8 5
DEBUG:root:Order:11 8 4
DEBUG:root:Order:14 8 4
DEBUG:root:Order:9 8 2
DEBUG:root:Finish turn

DEBUG:root:Order:2 8 5
DEBUG:root:Order:5 8 5
DEBUG:root:Order:17 8 5
DEBUG:root:Order:18 8 5
DEBUG:root:Order:11 8 4
DEBUG:root:Order:14 8 4
DEBUG:root:Order:9 8 2
DEBUG:root:Finish turn

DEBUG:root:Order:22 8 39
DEBUG:root:Order:2 8 1
DEBUG:root:Order:5 8 1
DEBUG:root:Order:17 8 1
DEBUG:root:Order:17 9 1
DEBUG:root:Finish turn

DEBUG:root:Order:18 8 6
DEBUG:root:Order:2 8 5
DEBUG:root:Order:5 8 5
DEBUG:root:Order:11 8 4
DEBUG:root:Order:14 8 4
DEBUG:root:Order:17 8 4
DEBUG:root:Order:22 8 3
DEBUG:root:Order:9 8 1
DEBUG:root:Finish turn

DEBUG:root:Order:2 22 6
DEBUG:root:Order:5 22 6
DEBUG:root:Order:17 22 6
DEBUG:root:Order:18 22 6
DEBUG:root:Order:11 22 5
DEBUG:root:Order:14 22 5
DEBUG:root:Order:9 22 3
DEBUG:root:Finish turn

DEBUG:root:Order:2 22 6
DEBUG:root:Order:5 22 6
DEBUG:root:Order:17 22 6
DEBUG:root:Order:18 22 6
DEBUG:root:Order:11 22 5
DEBUG:root:Order:14 22 5
DEBUG:root:Order:9 22 3
DEBUG:root:Finish turn

DEBUG:root:Order:2 22 2
DEBUG:root:Order:5 22 2
DEBUG:root:Order:17 22 2
DEBUG:root:Order:18 22 1
DEBUG:root:Order:18 8 1
DEBUG:root:Order:18 9 2
DEBUG:root:Order:11 9 1
DEBUG:root:Order:14 9 1
DEBUG:root:Finish turn

DEBUG:root:Order:2 8 1
DEBUG:root:Order:5 8 1
DEBUG:root:Order:9 8 1
DEBUG:root:Order:9 22 1
DEBUG:root:Order:9 18 1
DEBUG:root:Order:17 18 1
DEBUG:root:Finish turn

DEBUG:root:Order:2 18 12
DEBUG:root:Order:5 18 12
DEBUG:root:Order:17 18 12
DEBUG:root:Order:11 18 11
DEBUG:root:Order:14 18 11
DEBUG:root:Order:14 7 11
DEBUG:root:Order:22 7 9
DEBUG:root:Order:8 7 4
DEBUG:root:Finish turn

DEBUG:root:Order:9 7 8
DEBUG:root:Order:2 7 4
DEBUG:root:Order:5 7 4
DEBUG:root:Order:17 7 4
DEBUG:root:Order:8 7 3
DEBUG:root:Order:11 7 1
DEBUG:root:Order:11 14 3
DEBUG:root:Order:18 14 3
DEBUG:root:Order:22 14 1
DEBUG:root:Finish turn

DEBUG:root:Order:2 14 9
DEBUG:root:Order:5 14 9
DEBUG:root:Order:17 14 9
DEBUG:root:Order:18 14 9
DEBUG:root:Order:22 14 8
DEBUG:root:Order:11 14 7
DEBUG:root:Order:9 14 6
DEBUG:root:Order:8 14 5
DEBUG:root:Order:7 14 4
DEBUG:root:Finish turn

DEBUG:root:Order:2 7 3
DEBUG:root:Order:5 7 3
DEBUG:root:Order:17 7 3
DEBUG:root:Order:18 7 3
DEBUG:root:Order:11 7 2
DEBUG:root:Order:14 7 2
DEBUG:root:Order:22 7 1
DEBUG:root:Finish turn

DEBUG:root:Order:2 7 2
DEBUG:root:Order:5 7 2
DEBUG:root:Order:17 7 2
DEBUG:root:Order:18 7 1
DEBUG:root:Order:18 8 2
DEBUG:root:Order:18 9 2
DEBUG:root:Order:11 9 1
DEBUG:root:Order:14 9 1
DEBUG:root:Finish turn

DEBUG:root:Order:2 7 4
DEBUG:root:Order:5 7 4
DEBUG:root:Order:9 7 4
DEBUG:root:Order:17 7 4
DEBUG:root:Order:11 7 3
DEBUG:root:Order:14 7 3
DEBUG:root:Order:18 7 1
DEBUG:root:Finish turn

DEBUG:root:Order:2 7 3
DEBUG:root:Order:5 7 3
DEBUG:root:Order:17 7 3
DEBUG:root:Order:18 7 3
DEBUG:root:Order:11 7 2
DEBUG:root:Order:14 7 2
DEBUG:root:Finish turn

DEBUG:root:Order:2 7 5
DEBUG:root:Order:5 7 5
DEBUG:root:Order:17 7 5
DEBUG:root:Order:18 7 5
DEBUG:root:Order:11 7 4
DEBUG:root:Order:14 7 4
DEBUG:root:Order:9 7 2
DEBUG:root:Order:9 8 2
DEBUG:root:Finish turn

DEBUG:root:Order:2 7 3
DEBUG:root:Order:5 7 3
DEBUG:root:Order:17 7 3
DEBUG:root:Order:18 7 3
DEBUG:root:Order:11 7 2
DEBUG:root:Order:14 7 2
DEBUG:root:Finish turn

DEBUG:root:Order:2 9 1
DEBUG:root:Order:5 9 1
DEBUG:root:Order:17 9 1
DEBUG:root:Order:17 8 1
DEBUG:root:Finish turn

DEBUG:root:Order:2 9 8
DEBUG:root:Order:5 9 8
DEBUG:root:Order:11 9 7
DEBUG:root:Order:14 9 7
DEBUG:root:Order:17 9 7
DEBUG:root:Order:8 9 2
DEBUG:root:Finish turn

DEBUG:root:Order:2 9 14
DEBUG:root:Order:5 9 14
DEBUG:root:Order:17 9 14
DEBUG:root:Order:11 9 13
DEBUG:root:Order:14 9 9
DEBUG:root:Order:14 7 13
DEBUG:root:Order:8 7 3
DEBUG:root:Finish turn

DEBUG:root:Order:8 14 4
DEBUG:root:Order:2 14 1
DEBUG:root:Order:5 14 1
DEBUG:root:Order:17 14 1
DEBUG:root:Finish turn

DEBUG:root:Order:2 9 2
DEBUG:root:Order:5 9 2
DEBUG:root:Order:5 8 2
DEBUG:root:Order:5 14 1
DEBUG:root:Finish turn

DEBUG:root:Order:17 8 2
DEBUG:root:Order:17 5 1
DEBUG:root:Order:17 9 1
DEBUG:root:Finish turn

DEBUG:root:Order:2 8 6
DEBUG:root:Order:11 8 5
DEBUG:root:Order:5 8 4
DEBUG:root:Order:14 8 4
DEBUG:root:Order:17 8 4
DEBUG:root:Order:9 8 1
DEBUG:root:Finish turn

DEBUG:root:Order:2 8 6
DEBUG:root:Order:5 8 6
DEBUG:root:Order:17 8 6
DEBUG:root:Order:11 8 5
DEBUG:root:Order:14 8 5
DEBUG:root:Order:9 8 3
DEBUG:root:Finish turn

DEBUG:root:Order:2 8 6
DEBUG:root:Order:5 8 6
DEBUG:root:Order:17 8 6
DEBUG:root:Order:11 8 5
DEBUG:root:Order:14 8 5
DEBUG:root:Order:9 8 3
DEBUG:root:Finish turn

DEBUG:root:Order:2 8 10
DEBUG:root:Order:5 8 10
DEBUG:root:Order:17 8 10
DEBUG:root:Order:11 8 1
DEBUG:root:Order:11 7 9
DEBUG:root:Order:14 7 9
DEBUG:root:Order:9 7 7
DEBUG:root:Finish turn

DEBUG:root:Order:2 8 1
DEBUG:root:Order:5 8 1
DEBUG:root:Order:17 8 1
DEBUG:root:Order:17 9 1
DEBUG:root:Order:17 11 1
DEBUG:root:Finish turn

DEBUG:root:Order:2 8 1
DEBUG:root:Order:5 8 1
DEBUG:root:Finish turn

DEBUG:root:Order:2 8 2
DEBUG:root:Order:5 8 1
DEBUG:root:Order:5 9 2
DEBUG:root:Order:11 9 1
DEBUG:root:Finish turn

DEBUG:root:Order:17 8 2
DEBUG:root:Order:2 8 1
DEBUG:root:Order:2 9 1
DEBUG:root:Order:14 9 1
DEBUG:root:Finish turn

DEBUG:root:Order:5 8 8
DEBUG:root:Order:17 8 8
DEBUG:root:Order:2 8 7
DEBUG:root:Order:11 8 7
DEBUG:root:Order:14 8 7
DEBUG:root:Order:9 8 4
DEBUG:root:Finish turn

DEBUG:root:Order:2 8 7
DEBUG:root:Order:5 8 7
DEBUG:root:Order:17 8 7
DEBUG:root:Order:11 8 6
DEBUG:root:Order:14 8 6
DEBUG:root:Order:9 8 4
DEBUG:root:Finish turn

DEBUG:root:Order:2 14 10
DEBUG:root:Order:5 14 10
DEBUG:root:Order:17 14 10
DEBUG:root:Order:11 14 9
DEBUG:root:Order:9 14 7
DEBUG:root:Order:8 14 3
DEBUG:root:Finish turn

DEBUG:root:Order:2 8 8
DEBUG:root:Order:5 8 8
DEBUG:root:Order:17 8 8
DEBUG:root:Order:11 8 7
DEBUG:root:Order:9 8 5
DEBUG:root:Order:14 8 2
DEBUG:root:Finish turn

DEBUG:root:Order:2 11 13
DEBUG:root:Order:5 11 13
DEBUG:root:Order:17 11 13
DEBUG:root:Order:14 11 12
DEBUG:root:Order:9 11 10
DEBUG:root:Order:8 11 4
DEBUG:root:Finish turn

DEBUG:root:Order:2 8 1
DEBUG:root:Order:5 8 1
DEBUG:root:Order:5 9 1
DEBUG:root:Order:5 11 1
DEBUG:root:Finish turn

DEBUG:root:Order:17 8 6
DEBUG:root:Order:2 8 5
DEBUG:root:Order:14 8 4
DEBUG:root:Order:5 8 3
DEBUG:root:Order:11 8 3
DEBUG:root:Order:9 8 1
DEBUG:root:Finish turn

DEBUG:root:Finish turn

DEBUG:root:Order:2 8 6
DEBUG:root:Order:5 8 6
DEBUG:root:Order:17 8 6
DEBUG:root:Order:11 8 4
DEBUG:root:Order:14 8 4
DEBUG:root:Finish turn

DEBUG:root:Order:2 8 5
DEBUG:root:Order:5 8 5
DEBUG:root:Order:17 8 5
DEBUG:root:Order:11 8 4
DEBUG:root:Order:9 8 2
DEBUG:root:Finish turn

DEBUG:root:Order:2 8 1
DEBUG:root:Order:5 8 1
DEBUG:root:Order:17 8 1
DEBUG:root:Order:17 9 1
DEBUG:root:Finish turn

DEBUG:root:Order:2 8 1
DEBUG:root:Order:5 8 1
DEBUG:root:Finish turn

DEBUG:root:Order:2 8 2
DEBUG:root:Order:5 8 1
DEBUG:root:Order:5 9 2
DEBUG:root:Order:17 9 1
DEBUG:root:Finish turn

DEBUG:root:Order:17 14 25
DEBUG:root:Order:2 14 24
DEBUG:root:Order:11 14 24
DEBUG:root:Order:5 14 23
DEBUG:root:Order:9 14 1
DEBUG:root:Order:9 8 20
DEBUG:root:Finish turn

DEBUG:root:Order:2 14 11
DEBUG:root:Order:5 14 11
DEBUG:root:Order:17 14 11
DEBUG:root:Order:11 14 10
DEBUG:root:Order:9 14 7
DEBUG:root:Order:8 14 3
DEBUG:root:Finish turn

DEBUG:root:Order:2 9 8
DEBUG:root:Order:5 9 8
DEBUG:root:Order:17 9 8
DEBUG:root:Order:11 9 7
DEBUG:root:Order:14 9 7
DEBUG:root:Order:8 9 4
DEBUG:root:Finish turn

DEBUG:root:Order:2 9 7
DEBUG:root:Order:5 9 7
DEBUG:root:Order:17 9 7
DEBUG:root:Order:11 9 6
DEBUG:root:Order:8 9 3
DEBUG:root:Finish turn

DEBUG:root:Bad order:2 7.0 8
DEBUG:root:Bad order:5 7.0 8
DEBUG:root:Bad order:17 7.0 8
DEBUG:root:Bad order:11 6.0 7
DEBUG:root:Order:8 9 4
DEBUG:root:Finish turn

DEBUG:root:Bad order:2 12.0 16
DEBUG:root:Bad order:5 12.0 16
DEBUG:root:Bad order:17 12.0 16
DEBUG:root:Order:8 11 4
DEBUG:root:Finish turn

DEBUG:root:Order:2 9 17
DEBUG:root:Order:5 9 11
DEBUG:root:Bad order:5 6.0 17
DEBUG:root:Order:17 11 17
DEBUG:root:Finish turn

DEBUG:root:Bad order:5 11.0 23
DEBUG:root:Bad order:2 5.0 17
DEBUG:root:Bad order:17 5.0 17
DEBUG:root:Order:8 9 10
DEBUG:root:Order:11 9 9
DEBUG:root:Finish turn

DEBUG:root:Bad order:5 16.0 36
DEBUG:root:Bad order:2 10.0 30
DEBUG:root:Bad order:17 10.0 30
DEBUG:root:Order:11 14 12
DEBUG:root:Order:8 14 9
DEBUG:root:Finish turn

DEBUG:root:Bad order:5 21.0 50
DEBUG:root:Bad order:2 15.0 44
DEBUG:root:Bad order:17 15.0 44
DEBUG:root:Bad order:11 5.0 13
DEBUG:root:Order:8 14 10
DEBUG:root:Finish turn

DEBUG:root:Bad order:5 26.0 60
DEBUG:root:Bad order:2 20.0 54
DEBUG:root:Bad order:17 20.0 54
DEBUG:root:Order:8 14 6
DEBUG:root:Order:9 14 1
DEBUG:root:Finish turn

DEBUG:root:Bad order:5 31.0 75
DEBUG:root:Bad order:2 25.0 69
DEBUG:root:Bad order:17 25.0 69
DEBUG:root:Order:9 14 12
DEBUG:root:Bad order:8 10.0 11
DEBUG:root:Finish turn

DEBUG:root:Bad order:5 36.0 79
DEBUG:root:Bad order:2 30.0 73
DEBUG:root:Bad order:17 30.0 73
DEBUG:root:Order:9 11 1
DEBUG:root:Finish turn

DEBUG:root:Bad order:5 41.0 55
DEBUG:root:Bad order:2 35.0 49
DEBUG:root:Bad order:17 35.0 49
DEBUG:root:Finish turn

DEBUG:root:Bad order:5 46.0 56
DEBUG:root:Bad order:2 40.0 50
DEBUG:root:Bad order:17 40.0 50
DEBUG:root:Finish turn

DEBUG:root:Bad order:5 51.0 57
DEBUG:root:Bad order:2 45.0 51
DEBUG:root:Bad order:17 45.0 51
DEBUG:root:Finish turn

DEBUG:root:Bad order:5 56.0 58
DEBUG:root:Bad order:2 50.0 52
DEBUG:root:Bad order:17 50.0 52
DEBUG:root:Finish turn

DEBUG:root:Bad order:5 61.0 91
DEBUG:root:Bad order:2 55.0 85
DEBUG:root:Bad order:17 55.0 85
DEBUG:root:Finish turn

DEBUG:root:Bad order:5 66.0 97
DEBUG:root:Bad order:2 60.0 91
DEBUG:root:Bad order:17 60.0 91
DEBUG:root:Finish turn

DEBUG:root:Bad order:5 71.0 101
DEBUG:root:Bad order:2 65.0 95
DEBUG:root:Bad order:17 65.0 95
DEBUG:root:Order:9 14 1
DEBUG:root:Finish turn

DEBUG:root:Bad order:5 76.0 83
DEBUG:root:Bad order:2 70.0 77
DEBUG:root:Bad order:17 70.0 77
DEBUG:root:Finish turn

DEBUG:root:Bad order:5 81.0 104
DEBUG:root:Bad order:2 75.0 98
DEBUG:root:Bad order:17 75.0 98
DEBUG:root:Finish turn

DEBUG:root:Bad order:5 86.0 125
DEBUG:root:Bad order:2 80.0 119
DEBUG:root:Bad order:17 80.0 119
DEBUG:root:Finish turn

DEBUG:root:Bad order:5 91.0 137
DEBUG:root:Bad order:2 85.0 131
DEBUG:root:Bad order:17 85.0 131
DEBUG:root:Finish turn

DEBUG:root:Bad order:5 96.0 152
DEBUG:root:Bad order:2 90.0 146
DEBUG:root:Bad order:17 90.0 146
DEBUG:root:Finish turn

DEBUG:root:Bad order:5 101.0 168
DEBUG:root:Bad order:2 95.0 162
DEBUG:root:Bad order:17 95.0 162
DEBUG:root:Finish turn

DEBUG:root:Bad order:5 106.0 182
DEBUG:root:Bad order:2 100.0 176
DEBUG:root:Bad order:17 100.0 176
DEBUG:root:Finish turn

DEBUG:root:Bad order:5 111.0 191
DEBUG:root:Bad order:2 105.0 185
DEBUG:root:Bad order:17 105.0 185
DEBUG:root:Finish turn

DEBUG:root:Bad order:5 116.0 202
DEBUG:root:Bad order:2 110.0 196
DEBUG:root:Bad order:17 110.0 196
DEBUG:root:Finish turn

DEBUG:root:Order:5 2 2
DEBUG:root:Order:5 17 2
DEBUG:root:Finish turn

DEBUG:root:Order:5 2 56
DEBUG:root:Order:17 2 56
DEBUG:root:Finish turn

DEBUG:root:Finish turn

DEBUG:root:Order:5 17 40
DEBUG:root:Order:2 17 38
DEBUG:root:Finish turn

DEBUG:root:Order:2 17 43
DEBUG:root:Bad order:5 41.0 43
DEBUG:root:Finish turn

DEBUG:root:Order:2 17 16
DEBUG:root:Order:2 5 10
DEBUG:root:Finish turn

DEBUG:root:Order:2 5 30
DEBUG:root:Order:17 5 28
DEBUG:root:Finish turn

DEBUG:root:Order:2 5 35
DEBUG:root:Order:17 5 35
DEBUG:root:Finish turn

DEBUG:root:Finish turn

DEBUG:root:Order:2 17 35
DEBUG:root:Order:5 17 34
DEBUG:root:Finish turn

DEBUG:root:Bad order:2 16.0 32
DEBUG:root:Order:5 17 32
DEBUG:root:Finish turn

DEBUG:root:Order:5 17 17
DEBUG:root:Finish turn

DEBUG:root:Finish turn

DEBUG:root:Finish turn

DEBUG:root:Finish turn

DEBUG:root:Finish turn

DEBUG:root:Finish turn

DEBUG:root:Finish turn

DEBUG:root:Finish turn

DEBUG:root:Finish turn

DEBUG:root:Finish turn

DEBUG:root:Finish turn

DEBUG:root:Finish turn

DEBUG:root:Finish turn

DEBUG:root:Finish turn

